
*** Running vivado
    with args -log ALU.vds -m64 -product Vivado -mode batch -messageDb vivado.pb -notrace -source ALU.tcl



****** Vivado v2024.2 (64-bit)
  **** SW Build 5239630 on Fri Nov 08 22:35:27 MST 2024
  **** IP Build 5239520 on Sun Nov 10 16:12:51 MST 2024
  **** SharedData Build 5239561 on Fri Nov 08 14:39:27 MST 2024
  **** Start of session at: Tue Sep 30 16:29:26 2025
    ** Copyright 1986-2022 Xilinx, Inc. All Rights Reserved.
    ** Copyright 2022-2024 Advanced Micro Devices, Inc. All Rights Reserved.

source ALU.tcl -notrace
Command: read_checkpoint -auto_incremental -incremental D:/XilinxData/ComputerOrganization/Experiment_1/Expr01_ALU/Expr01_ALU.srcs/utils_1/imports/synth_1/ALU.dcp
INFO: [Vivado 12-5825] Read reference checkpoint from D:/XilinxData/ComputerOrganization/Experiment_1/Expr01_ALU/Expr01_ALU.srcs/utils_1/imports/synth_1/ALU.dcp for incremental synthesis
INFO: [Vivado 12-7989] Please ensure there are no constraint changes
Command: synth_design -top ALU -part xc7a100tcsg324-1
Starting synth_design
Attempting to get a license for feature 'Synthesis' and/or device 'xc7a100t'
INFO: [Common 17-349] Got license for feature 'Synthesis' and/or device 'xc7a100t'
INFO: [Designutils 20-5440] No compile time benefit to using incremental synthesis; A full resynthesis will be run
INFO: [Designutils 20-4379] Flow is switching to default flow due to incremental criteria not met. If you would like to alter this behaviour and have the flow terminate instead, please set the following parameter config_implementation {autoIncr.Synth.RejectBehavior Terminate}
INFO: [Synth 8-7079] Multithreading enabled for synth_design using a maximum of 2 processes.
INFO: [Synth 8-7078] Launching helper process for spawning children vivado processes
INFO: [Synth 8-7075] Helper process launched with PID 21648
---------------------------------------------------------------------------------
Starting Synthesize : Time (s): cpu = 00:00:02 ; elapsed = 00:00:04 . Memory (MB): peak = 851.945 ; gain = 473.895
---------------------------------------------------------------------------------
INFO: [Synth 8-6157] synthesizing module 'ALU' [D:/XilinxData/ComputerOrganization/Experiment_1/Expr01_ALU/Expr01_ALU.srcs/sources_1/new/ALU.v:23]
INFO: [Synth 8-6157] synthesizing module 'SignalExt_1T32' [D:/XilinxData/ComputerOrganization/Experiment_1/Expr01_ALU/Expr01_ALU.srcs/sources_1/imports/Expr01_ALU/SignalExt_1T32.v:1]
INFO: [Synth 8-6155] done synthesizing module 'SignalExt_1T32' (0#1) [D:/XilinxData/ComputerOrganization/Experiment_1/Expr01_ALU/Expr01_ALU.srcs/sources_1/imports/Expr01_ALU/SignalExt_1T32.v:1]
INFO: [Synth 8-6157] synthesizing module 'Xor_32' [D:/XilinxData/ComputerOrganization/Experiment_1/Expr01_ALU/Expr01_ALU.srcs/sources_1/imports/Expr01_ALU/Xor_32.v:1]
INFO: [Synth 8-6155] done synthesizing module 'Xor_32' (0#1) [D:/XilinxData/ComputerOrganization/Experiment_1/Expr01_ALU/Expr01_ALU.srcs/sources_1/imports/Expr01_ALU/Xor_32.v:1]
INFO: [Synth 8-6157] synthesizing module 'ADC_32' [D:/XilinxData/ComputerOrganization/Experiment_1/Expr01_ALU/Expr01_ALU.srcs/sources_1/imports/Expr01_ALU/ADC_32.v:1]
INFO: [Synth 8-6155] done synthesizing module 'ADC_32' (0#1) [D:/XilinxData/ComputerOrganization/Experiment_1/Expr01_ALU/Expr01_ALU.srcs/sources_1/imports/Expr01_ALU/ADC_32.v:1]
INFO: [Synth 8-6157] synthesizing module 'And_32' [D:/XilinxData/ComputerOrganization/Experiment_1/Expr01_ALU/Expr01_ALU.srcs/sources_1/imports/Expr01_ALU/And32.v:1]
INFO: [Synth 8-6155] done synthesizing module 'And_32' (0#1) [D:/XilinxData/ComputerOrganization/Experiment_1/Expr01_ALU/Expr01_ALU.srcs/sources_1/imports/Expr01_ALU/And32.v:1]
INFO: [Synth 8-6157] synthesizing module 'Or_32' [D:/XilinxData/ComputerOrganization/Experiment_1/Expr01_ALU/Expr01_ALU.srcs/sources_1/imports/Expr01_ALU/Or_32.v:1]
INFO: [Synth 8-6155] done synthesizing module 'Or_32' (0#1) [D:/XilinxData/ComputerOrganization/Experiment_1/Expr01_ALU/Expr01_ALU.srcs/sources_1/imports/Expr01_ALU/Or_32.v:1]
INFO: [Synth 8-6157] synthesizing module 'Nor_32' [D:/XilinxData/ComputerOrganization/Experiment_1/Expr01_ALU/Expr01_ALU.srcs/sources_1/imports/Expr01_ALU/Nor_32.v:1]
INFO: [Synth 8-6155] done synthesizing module 'Nor_32' (0#1) [D:/XilinxData/ComputerOrganization/Experiment_1/Expr01_ALU/Expr01_ALU.srcs/sources_1/imports/Expr01_ALU/Nor_32.v:1]
INFO: [Synth 8-6157] synthesizing module 'Srl_32' [D:/XilinxData/ComputerOrganization/Experiment_1/Expr01_ALU/Expr01_ALU.srcs/sources_1/imports/Expr01_ALU/Srl_32.v:1]
INFO: [Synth 8-6155] done synthesizing module 'Srl_32' (0#1) [D:/XilinxData/ComputerOrganization/Experiment_1/Expr01_ALU/Expr01_ALU.srcs/sources_1/imports/Expr01_ALU/Srl_32.v:1]
INFO: [Synth 8-6157] synthesizing module 'MUX8T1_32' [D:/XilinxData/ComputerOrganization/Experiment_1/Expr01_ALU/Expr01_ALU.srcs/sources_1/imports/Expr01_ALU/MUX8T1_32.v:1]
INFO: [Synth 8-6155] done synthesizing module 'MUX8T1_32' (0#1) [D:/XilinxData/ComputerOrganization/Experiment_1/Expr01_ALU/Expr01_ALU.srcs/sources_1/imports/Expr01_ALU/MUX8T1_32.v:1]
INFO: [Synth 8-6157] synthesizing module 'Or_bit_32' [D:/XilinxData/ComputerOrganization/Experiment_1/Expr01_ALU/Expr01_ALU.srcs/sources_1/imports/Expr01_ALU/Or_bit_32.v:1]
INFO: [Synth 8-6155] done synthesizing module 'Or_bit_32' (0#1) [D:/XilinxData/ComputerOrganization/Experiment_1/Expr01_ALU/Expr01_ALU.srcs/sources_1/imports/Expr01_ALU/Or_bit_32.v:1]
WARNING: [Synth 8-689] width (32) of port connection 'A' does not match port width (22) of module 'Or_bit_32' [D:/XilinxData/ComputerOrganization/Experiment_1/Expr01_ALU/Expr01_ALU.srcs/sources_1/new/ALU.v:105]
INFO: [Synth 8-6155] done synthesizing module 'ALU' (0#1) [D:/XilinxData/ComputerOrganization/Experiment_1/Expr01_ALU/Expr01_ALU.srcs/sources_1/new/ALU.v:23]
WARNING: [Synth 8-7129] Port B[31] in module Srl_32 is either unconnected or has no load
WARNING: [Synth 8-7129] Port B[30] in module Srl_32 is either unconnected or has no load
WARNING: [Synth 8-7129] Port B[29] in module Srl_32 is either unconnected or has no load
WARNING: [Synth 8-7129] Port B[28] in module Srl_32 is either unconnected or has no load
WARNING: [Synth 8-7129] Port B[27] in module Srl_32 is either unconnected or has no load
WARNING: [Synth 8-7129] Port B[26] in module Srl_32 is either unconnected or has no load
WARNING: [Synth 8-7129] Port B[25] in module Srl_32 is either unconnected or has no load
WARNING: [Synth 8-7129] Port B[24] in module Srl_32 is either unconnected or has no load
WARNING: [Synth 8-7129] Port B[23] in module Srl_32 is either unconnected or has no load
WARNING: [Synth 8-7129] Port B[22] in module Srl_32 is either unconnected or has no load
WARNING: [Synth 8-7129] Port B[21] in module Srl_32 is either unconnected or has no load
WARNING: [Synth 8-7129] Port B[20] in module Srl_32 is either unconnected or has no load
WARNING: [Synth 8-7129] Port B[19] in module Srl_32 is either unconnected or has no load
WARNING: [Synth 8-7129] Port B[18] in module Srl_32 is either unconnected or has no load
WARNING: [Synth 8-7129] Port B[17] in module Srl_32 is either unconnected or has no load
WARNING: [Synth 8-7129] Port B[16] in module Srl_32 is either unconnected or has no load
WARNING: [Synth 8-7129] Port B[15] in module Srl_32 is either unconnected or has no load
WARNING: [Synth 8-7129] Port B[14] in module Srl_32 is either unconnected or has no load
WARNING: [Synth 8-7129] Port B[13] in module Srl_32 is either unconnected or has no load
WARNING: [Synth 8-7129] Port B[12] in module Srl_32 is either unconnected or has no load
WARNING: [Synth 8-7129] Port B[11] in module Srl_32 is either unconnected or has no load
WARNING: [Synth 8-7129] Port B[10] in module Srl_32 is either unconnected or has no load
WARNING: [Synth 8-7129] Port B[9] in module Srl_32 is either unconnected or has no load
WARNING: [Synth 8-7129] Port B[8] in module Srl_32 is either unconnected or has no load
WARNING: [Synth 8-7129] Port B[7] in module Srl_32 is either unconnected or has no load
WARNING: [Synth 8-7129] Port B[6] in module Srl_32 is either unconnected or has no load
WARNING: [Synth 8-7129] Port B[5] in module Srl_32 is either unconnected or has no load
---------------------------------------------------------------------------------
Finished Synthesize : Time (s): cpu = 00:00:03 ; elapsed = 00:00:06 . Memory (MB): peak = 956.246 ; gain = 578.195
---------------------------------------------------------------------------------
---------------------------------------------------------------------------------
Finished Constraint Validation : Time (s): cpu = 00:00:03 ; elapsed = 00:00:06 . Memory (MB): peak = 956.246 ; gain = 578.195
---------------------------------------------------------------------------------
---------------------------------------------------------------------------------
Start Loading Part and Timing Information
---------------------------------------------------------------------------------
Loading part: xc7a100tcsg324-1
INFO: [Device 21-403] Loading part xc7a100tcsg324-1
---------------------------------------------------------------------------------
Finished Loading Part and Timing Information : Time (s): cpu = 00:00:03 ; elapsed = 00:00:06 . Memory (MB): peak = 956.246 ; gain = 578.195
---------------------------------------------------------------------------------
---------------------------------------------------------------------------------
Finished RTL Optimization Phase 2 : Time (s): cpu = 00:00:03 ; elapsed = 00:00:06 . Memory (MB): peak = 956.246 ; gain = 578.195
---------------------------------------------------------------------------------
No constraint files found.
---------------------------------------------------------------------------------
Start RTL Component Statistics 
---------------------------------------------------------------------------------
Detailed RTL Component Info : 
+---Adders : 
	   3 Input   33 Bit       Adders := 1     
+---Muxes : 
	   2 Input   32 Bit        Muxes := 1     
---------------------------------------------------------------------------------
Finished RTL Component Statistics 
---------------------------------------------------------------------------------
---------------------------------------------------------------------------------
Start Part Resource Summary
---------------------------------------------------------------------------------
Part Resources:
DSPs: 240 (col length:80)
BRAMs: 270 (col length: RAMB18 80 RAMB36 40)
---------------------------------------------------------------------------------
Finished Part Resource Summary
---------------------------------------------------------------------------------
No constraint files found.
---------------------------------------------------------------------------------
Start Cross Boundary and Area Optimization
---------------------------------------------------------------------------------
WARNING: [Synth 8-7080] Parallel synthesis criteria is not met
---------------------------------------------------------------------------------
Finished Cross Boundary and Area Optimization : Time (s): cpu = 00:00:05 ; elapsed = 00:00:22 . Memory (MB): peak = 1176.160 ; gain = 798.109
---------------------------------------------------------------------------------
No constraint files found.
---------------------------------------------------------------------------------
Start Timing Optimization
---------------------------------------------------------------------------------
---------------------------------------------------------------------------------
Finished Timing Optimization : Time (s): cpu = 00:00:05 ; elapsed = 00:00:22 . Memory (MB): peak = 1176.160 ; gain = 798.109
---------------------------------------------------------------------------------
---------------------------------------------------------------------------------
Start Technology Mapping
---------------------------------------------------------------------------------
---------------------------------------------------------------------------------
Finished Technology Mapping : Time (s): cpu = 00:00:05 ; elapsed = 00:00:22 . Memory (MB): peak = 1176.160 ; gain = 798.109
---------------------------------------------------------------------------------
---------------------------------------------------------------------------------
Start IO Insertion
---------------------------------------------------------------------------------
---------------------------------------------------------------------------------
Start Flattening Before IO Insertion
---------------------------------------------------------------------------------
---------------------------------------------------------------------------------
Finished Flattening Before IO Insertion
---------------------------------------------------------------------------------
---------------------------------------------------------------------------------
Start Final Netlist Cleanup
---------------------------------------------------------------------------------
---------------------------------------------------------------------------------
Finished Final Netlist Cleanup
---------------------------------------------------------------------------------
---------------------------------------------------------------------------------
Finished IO Insertion : Time (s): cpu = 00:00:07 ; elapsed = 00:00:25 . Memory (MB): peak = 1356.688 ; gain = 978.637
---------------------------------------------------------------------------------
---------------------------------------------------------------------------------
Start Renaming Generated Instances
---------------------------------------------------------------------------------
---------------------------------------------------------------------------------
Finished Renaming Generated Instances : Time (s): cpu = 00:00:07 ; elapsed = 00:00:25 . Memory (MB): peak = 1356.688 ; gain = 978.637
---------------------------------------------------------------------------------
---------------------------------------------------------------------------------
Start Rebuilding User Hierarchy
---------------------------------------------------------------------------------
---------------------------------------------------------------------------------
Finished Rebuilding User Hierarchy : Time (s): cpu = 00:00:07 ; elapsed = 00:00:25 . Memory (MB): peak = 1356.688 ; gain = 978.637
---------------------------------------------------------------------------------
---------------------------------------------------------------------------------
Start Renaming Generated Ports
---------------------------------------------------------------------------------
---------------------------------------------------------------------------------
Finished Renaming Generated Ports : Time (s): cpu = 00:00:07 ; elapsed = 00:00:25 . Memory (MB): peak = 1356.688 ; gain = 978.637
---------------------------------------------------------------------------------
---------------------------------------------------------------------------------
Start Handling Custom Attributes
---------------------------------------------------------------------------------
---------------------------------------------------------------------------------
Finished Handling Custom Attributes : Time (s): cpu = 00:00:07 ; elapsed = 00:00:25 . Memory (MB): peak = 1356.688 ; gain = 978.637
---------------------------------------------------------------------------------
---------------------------------------------------------------------------------
Start Renaming Generated Nets
---------------------------------------------------------------------------------
---------------------------------------------------------------------------------
Finished Renaming Generated Nets : Time (s): cpu = 00:00:07 ; elapsed = 00:00:25 . Memory (MB): peak = 1356.688 ; gain = 978.637
---------------------------------------------------------------------------------
---------------------------------------------------------------------------------
Start Writing Synthesis Report
---------------------------------------------------------------------------------

Report BlackBoxes: 
+-+--------------+----------+
| |BlackBox name |Instances |
+-+--------------+----------+
+-+--------------+----------+

Report Cell Usage: 
+------+-------+------+
|      |Cell   |Count |
+------+-------+------+
|1     |CARRY4 |     8|
|2     |LUT1   |     1|
|3     |LUT2   |    34|
|4     |LUT3   |     3|
|5     |LUT4   |    15|
|6     |LUT5   |    49|
|7     |LUT6   |    77|
|8     |IBUF   |    67|
|9     |OBUF   |    33|
+------+-------+------+

Report Instance Areas: 
+------+-----------+-------+------+
|      |Instance   |Module |Cells |
+------+-----------+-------+------+
|1     |top        |       |   287|
|2     |  ADC_32_0 |ADC_32 |   187|
+------+-----------+-------+------+
---------------------------------------------------------------------------------
Finished Writing Synthesis Report : Time (s): cpu = 00:00:07 ; elapsed = 00:00:25 . Memory (MB): peak = 1356.688 ; gain = 978.637
---------------------------------------------------------------------------------
Synthesis finished with 0 errors, 0 critical warnings and 29 warnings.
Synthesis Optimization Runtime : Time (s): cpu = 00:00:07 ; elapsed = 00:00:25 . Memory (MB): peak = 1356.688 ; gain = 978.637
Synthesis Optimization Complete : Time (s): cpu = 00:00:07 ; elapsed = 00:00:25 . Memory (MB): peak = 1356.688 ; gain = 978.637
INFO: [Project 1-571] Translating synthesized netlist
Netlist sorting complete. Time (s): cpu = 00:00:00 ; elapsed = 00:00:00.004 . Memory (MB): peak = 1371.738 ; gain = 0.000
INFO: [Netlist 29-17] Analyzing 8 Unisim elements for replacement
INFO: [Netlist 29-28] Unisim Transformation completed in 0 CPU seconds
INFO: [Project 1-570] Preparing netlist for logic optimization
INFO: [Opt 31-138] Pushed 0 inverter(s) to 0 load pin(s).
Netlist sorting complete. Time (s): cpu = 00:00:00 ; elapsed = 00:00:00 . Memory (MB): peak = 1483.367 ; gain = 0.000
INFO: [Project 1-111] Unisim Transformation Summary:
No Unisim elements were transformed.

Synth Design complete | Checksum: 4c6d2aab
INFO: [Common 17-83] Releasing license: Synthesis
36 Infos, 29 Warnings, 0 Critical Warnings and 0 Errors encountered.
synth_design completed successfully
synth_design: Time (s): cpu = 00:00:08 ; elapsed = 00:00:28 . Memory (MB): peak = 1483.367 ; gain = 1111.578
Write ShapeDB Complete: Time (s): cpu = 00:00:00 ; elapsed = 00:00:00.001 . Memory (MB): peak = 1483.367 ; gain = 0.000
INFO: [Common 17-1381] The checkpoint 'D:/XilinxData/ComputerOrganization/Experiment_1/Expr01_ALU/Expr01_ALU.runs/synth_1/ALU.dcp' has been generated.
INFO: [Vivado 12-24828] Executing command : report_utilization -file ALU_utilization_synth.rpt -pb ALU_utilization_synth.pb
INFO: [Common 17-206] Exiting Vivado at Tue Sep 30 16:30:06 2025...
