Copyright 1986-2022 Xilinx, Inc. All Rights Reserved. Copyright 2022-2024 Advanced Micro Devices, Inc. All Rights Reserved.
-------------------------------------------------------------------------------------------------------------------------------------------------
| Tool Version     : Vivado v.2024.2 (win64) Build 5239630 Fri Nov 08 22:35:27 MST 2024
| Date             : Thu Dec 11 16:04:41 2025
| Host             : LAPTOP-6I7OJEUU running 64-bit major release  (build 9200)
| Command          : report_power -file CSSTE_power_routed.rpt -pb CSSTE_power_summary_routed.pb -rpx CSSTE_power_routed.rpx
| Design           : CSSTE
| Device           : xc7a100tcsg324-1
| Design State     : routed
| Grade            : commercial
| Process          : typical
| Characterization : Production
-------------------------------------------------------------------------------------------------------------------------------------------------

Power Report

Table of Contents
-----------------
1. Summary
1.1 On-Chip Components
1.2 Power Supply Summary
1.3 Confidence Level
2. Settings
2.1 Environment
2.2 Clock Constraints
3. Detailed Reports
3.1 By Hierarchy

1. Summary
----------

+--------------------------+----------------------------------+
| Total On-Chip Power (W)  | 44.229 (Junction temp exceeded!) |
| Design Power Budget (W)  | Unspecified*                     |
| Power Budget Margin (W)  | NA                               |
| Dynamic (W)              | 43.431                           |
| Device Static (W)        | 0.797                            |
| Effective TJA (C/W)      | 4.6                              |
| Max Ambient (C)          | 0.0                              |
| Junction Temperature (C) | 125.0                            |
| Confidence Level         | Low                              |
| Setting File             | ---                              |
| Simulation Activity File | ---                              |
| Design Nets Matched      | NA                               |
+--------------------------+----------------------------------+
* Specify Design Power Budget using, set_operating_conditions -design_power_budget <value in Watts>


1.1 On-Chip Components
----------------------

+--------------------------+-----------+----------+-----------+-----------------+
| On-Chip                  | Power (W) | Used     | Available | Utilization (%) |
+--------------------------+-----------+----------+-----------+-----------------+
| Slice Logic              |     6.649 |     5938 |       --- |             --- |
|   LUT as Logic           |     5.855 |     2638 |     63400 |            4.16 |
|   CARRY4                 |     0.410 |       97 |     15850 |            0.61 |
|   Register               |     0.251 |     1868 |    126800 |            1.47 |
|   F7/F8 Muxes            |     0.068 |      585 |     63400 |            0.92 |
|   BUFG                   |     0.035 |        5 |        32 |           15.63 |
|   LUT as Distributed RAM |     0.030 |      636 |     19000 |            3.35 |
|   Others                 |     0.000 |       24 |       --- |             --- |
| Signals                  |    15.327 |     4327 |       --- |             --- |
| Block RAM                |     0.129 |        1 |       135 |            0.74 |
| I/O                      |    21.326 |       64 |       210 |           30.48 |
| Static Power             |     0.797 |          |           |                 |
| Total                    |    44.229 |          |           |                 |
+--------------------------+-----------+----------+-----------+-----------------+


1.2 Power Supply Summary
------------------------

+-----------+-------------+-----------+-------------+------------+-------------+-------------+------------+
| Source    | Voltage (V) | Total (A) | Dynamic (A) | Static (A) | Powerup (A) | Budget (A)  | Margin (A) |
+-----------+-------------+-----------+-------------+------------+-------------+-------------+------------+
| Vccint    |       1.000 |    22.726 |      22.163 |      0.563 |       NA    | Unspecified | NA         |
| Vccaux    |       1.800 |     0.872 |       0.779 |      0.093 |       NA    | Unspecified | NA         |
| Vcco33    |       3.300 |     6.021 |       6.017 |      0.004 |       NA    | Unspecified | NA         |
| Vcco25    |       2.500 |     0.000 |       0.000 |      0.000 |       NA    | Unspecified | NA         |
| Vcco18    |       1.800 |     0.000 |       0.000 |      0.000 |       NA    | Unspecified | NA         |
| Vcco15    |       1.500 |     0.000 |       0.000 |      0.000 |       NA    | Unspecified | NA         |
| Vcco135   |       1.350 |     0.000 |       0.000 |      0.000 |       NA    | Unspecified | NA         |
| Vcco12    |       1.200 |     0.000 |       0.000 |      0.000 |       NA    | Unspecified | NA         |
| Vccaux_io |       1.800 |     0.000 |       0.000 |      0.000 |       NA    | Unspecified | NA         |
| Vccbram   |       1.000 |     0.028 |       0.010 |      0.018 |       NA    | Unspecified | NA         |
| MGTAVcc   |       1.000 |     0.000 |       0.000 |      0.000 |       NA    | Unspecified | NA         |
| MGTAVtt   |       1.200 |     0.000 |       0.000 |      0.000 |       NA    | Unspecified | NA         |
| Vccadc    |       1.800 |     0.020 |       0.000 |      0.020 |       NA    | Unspecified | NA         |
+-----------+-------------+-----------+-------------+------------+-------------+-------------+------------+


1.3 Confidence Level
--------------------

+-----------------------------+------------+--------------------------------------------------------+--------------------------------------------------------------------------------------------------------------------+
| User Input Data             | Confidence | Details                                                | Action                                                                                                             |
+-----------------------------+------------+--------------------------------------------------------+--------------------------------------------------------------------------------------------------------------------+
| Design implementation state | High       | Design is routed                                       |                                                                                                                    |
| Clock nodes activity        | Low        | User specified less than 75% of clocks                 | Provide missing clock activity with a constraint file, simulation results or by editing the "By Clock Domain" view |
| I/O nodes activity          | Low        | More than 75% of inputs are missing user specification | Provide missing input activity with simulation results or by editing the "By Resource Type -> I/Os" view           |
| Internal nodes activity     | Medium     | User specified less than 25% of internal nodes         | Provide missing internal nodes activity with simulation results or by editing the "By Resource Type" views         |
| Device models               | High       | Device models are Production                           |                                                                                                                    |
|                             |            |                                                        |                                                                                                                    |
| Overall confidence level    | Low        |                                                        |                                                                                                                    |
+-----------------------------+------------+--------------------------------------------------------+--------------------------------------------------------------------------------------------------------------------+


2. Settings
-----------

2.1 Environment
---------------

+-----------------------+--------------------------+
| Ambient Temp (C)      | 25.0                     |
| ThetaJA (C/W)         | 4.6                      |
| Airflow (LFM)         | 250                      |
| Heat Sink             | medium (Medium Profile)  |
| ThetaSA (C/W)         | 4.6                      |
| Board Selection       | medium (10"x10")         |
| # of Board Layers     | 12to15 (12 to 15 Layers) |
| Board Temperature (C) | 25.0                     |
+-----------------------+--------------------------+


2.2 Clock Constraints
---------------------

+-------+--------+-----------------+
| Clock | Domain | Constraint (ns) |
+-------+--------+-----------------+


3. Detailed Reports
-------------------

3.1 By Hierarchy
----------------

+-----------------------------------+-----------+
| Name                              | Power (W) |
+-----------------------------------+-----------+
| CSSTE                             |    43.431 |
|   U1                              |     7.761 |
|     EX                            |     1.053 |
|       add0                        |     0.278 |
|       add1                        |     0.031 |
|       alu                         |     0.506 |
|     EXRegMem                      |     0.328 |
|     ID                            |     0.494 |
|       Regs_U                      |     0.477 |
|     IDRegEX                       |     0.383 |
|     IF                            |     0.857 |
|       REG32_U                     |     0.857 |
|     IFRegID                       |     0.345 |
|     Mem                           |     0.004 |
|     MemRegWB                      |     0.347 |
|     nolabel_line243               |     3.937 |
|       MUX                         |     3.937 |
|   U10                             |     1.723 |
|   U11                             |     9.469 |
|     vga_controller                |     1.490 |
|     vga_debugger                  |     7.104 |
|     vga_display                   |     0.875 |
|   U2                              |     0.498 |
|     U0                            |     0.498 |
|       synth_options.dist_mem_inst |     0.498 |
|   U3                              |     0.309 |
|     U0                            |     0.309 |
|       inst_blk_mem_gen            |     0.309 |
|   U4                              |     0.729 |
|   U5                              |     0.370 |
|   U6                              |     0.569 |
|     inst                          |     0.528 |
|       U2                          |     0.528 |
|   U8                              |     0.440 |
|   U9                              |     0.059 |
|     u1                            |     0.059 |
+-----------------------------------+-----------+


